[com.Mohs10.utility.Log.info(Log.java:21)evel] 2023-09-13 01:14:41.247 [main] Log - This is before test methodsg
[com.Mohs10.utility.Log.startTestCase(Log.java:11)evel] 2023-09-13 01:14:47.772 [main] Log - =====================================---------------------------------Positive Login Test Case--------------------------------- TEST START=========================================sg
[com.Mohs10.utility.Log.info(Log.java:21)evel] 2023-09-13 01:14:47.773 [main] Log - -----------This TC Will login with correct credentials-----------sg
[com.Mohs10.utility.Log.info(Log.java:21)evel] 2023-09-13 01:15:05.263 [main] Log - This is After Suite Methodsg
[com.Mohs10.utility.Log.info(Log.java:21)evel] 2023-09-13 01:15:49.074 [main] Log - This is before test methodsg
[com.Mohs10.utility.Log.startTestCase(Log.java:11)evel] 2023-09-13 01:15:52.537 [main] Log - =====================================---------------------------------Positive Login Test Case--------------------------------- TEST START=========================================sg
[com.Mohs10.utility.Log.info(Log.java:21)evel] 2023-09-13 01:15:52.538 [main] Log - -----------This TC Will login with correct credentials-----------sg
[com.Mohs10.utility.Log.endTestCase(Log.java:15)evel] 2023-09-13 01:16:01.800 [main] Log - =====================================---------------------------------End of Positive Login Test Case--------------------------------- TEST END=========================================sg
[com.Mohs10.utility.Log.info(Log.java:21)evel] 2023-09-13 01:16:03.189 [main] Log - This is After Suite Methodsg
[com.Mohs10.utility.Log.info(Log.java:21)evel] 2023-09-13 01:18:06.588 [main] Log - This is before test methodsg
[com.Mohs10.utility.Log.startTestCase(Log.java:11)evel] 2023-09-13 01:18:09.969 [main] Log - =====================================---------------------------------Positive Login Test Case--------------------------------- TEST START=========================================sg
[com.Mohs10.utility.Log.info(Log.java:21)evel] 2023-09-13 01:18:09.970 [main] Log - -----------This TC Will login with correct credentials-----------sg
[com.Mohs10.utility.Log.endTestCase(Log.java:15)evel] 2023-09-13 01:18:19.511 [main] Log - =====================================---------------------------------End of Positive Login Test Case--------------------------------- TEST END=========================================sg
[com.Mohs10.utility.Log.info(Log.java:21)evel] 2023-09-13 01:18:45.773 [main] Log - This is After Suite Methodsg
[com.Mohs10.utility.Log.info(Log.java:21)evel] 2023-09-14 23:47:14.942 [main] Log - This is before test methodsg
[com.Mohs10.utility.Log.startTestCase(Log.java:11)evel] 2023-09-14 23:47:21.732 [main] Log - =====================================---------------------------------Positive Login Test Case--------------------------------- TEST START=========================================sg
[com.Mohs10.utility.Log.info(Log.java:21)evel] 2023-09-14 23:47:21.736 [main] Log - -----------This TC Will login with correct credentials-----------sg
[com.Mohs10.utility.Log.endTestCase(Log.java:15)evel] 2023-09-14 23:47:31.770 [main] Log - =====================================---------------------------------End of Positive Login Test Case--------------------------------- TEST END=========================================sg
[com.Mohs10.utility.Log.info(Log.java:21)evel] 2023-09-14 23:47:58.708 [main] Log - This is After Suite Methodsg
[com.Mohs10.utility.Log.info(Log.java:21)evel] 2023-09-15 00:07:43.572 [main] Log - This is before test methodsg
[com.Mohs10.utility.Log.startTestCase(Log.java:11)evel] 2023-09-15 00:07:49.029 [main] Log - =====================================---------------------------------Positive Login Test Case--------------------------------- TEST START=========================================sg
[com.Mohs10.utility.Log.info(Log.java:21)evel] 2023-09-15 00:07:49.031 [main] Log - -----------This TC Will login with correct credentials-----------sg
[com.Mohs10.utility.Log.endTestCase(Log.java:15)evel] 2023-09-15 00:07:59.029 [main] Log - =====================================---------------------------------End of Positive Login Test Case--------------------------------- TEST END=========================================sg
[com.Mohs10.utility.Log.info(Log.java:21)evel] 2023-09-15 00:08:19.210 [main] Log - This is After Suite Methodsg
[com.Mohs10.utility.Log.info(Log.java:21)evel] 2023-09-15 00:20:14.679 [main] Log - This is before test methodsg
[com.Mohs10.utility.Log.info(Log.java:21)evel] 2023-09-15 00:24:20.231 [main] Log - This is before test methodsg
[com.Mohs10.utility.Log.startTestCase(Log.java:11)evel] 2023-09-15 00:24:24.536 [main] Log - =====================================---------------------------------Positive Login Test Case--------------------------------- TEST START=========================================sg
[com.Mohs10.utility.Log.info(Log.java:21)evel] 2023-09-15 00:24:24.537 [main] Log - -----------This TC Will login with correct credentials-----------sg
[com.Mohs10.utility.Log.endTestCase(Log.java:15)evel] 2023-09-15 00:24:38.753 [main] Log - =====================================---------------------------------End of Positive Login Test Case--------------------------------- TEST END=========================================sg
[com.Mohs10.utility.Log.info(Log.java:21)evel] 2023-09-15 00:24:59.704 [main] Log - This is After Suite Methodsg
[com.Mohs10.utility.Log.info(Log.java:21)evel] 2023-09-15 00:43:09.973 [main] Log - This is before test methodsg
[com.Mohs10.utility.Log.startTestCase(Log.java:11)evel] 2023-09-15 00:43:13.816 [main] Log - =====================================---------------------------------Positive Login Test Case--------------------------------- TEST START=========================================sg
[com.Mohs10.utility.Log.info(Log.java:21)evel] 2023-09-15 00:43:13.816 [main] Log - -----------This TC Will login with correct credentials-----------sg
[com.Mohs10.utility.Log.endTestCase(Log.java:15)evel] 2023-09-15 00:43:22.417 [main] Log - =====================================---------------------------------End of Positive Login Test Case--------------------------------- TEST END=========================================sg
[com.Mohs10.utility.Log.info(Log.java:21)evel] 2023-09-15 00:43:42.233 [main] Log - This is After Suite Methodsg
[com.Mohs10.utility.Log.info(Log.java:21)evel] 2023-09-15 00:54:34.915 [main] Log - This is before test methodsg
[com.Mohs10.utility.Log.info(Log.java:21)evel] 2023-09-15 00:55:01.396 [main] Log - This is before test methodsg
[com.Mohs10.utility.Log.info(Log.java:21)evel] 2023-09-15 00:55:02.220 [main] Log - This is After Suite Methodsg
[com.Mohs10.utility.Log.info(Log.java:21)evel] 2023-09-15 00:57:08.399 [main] Log - This is before test methodsg
[com.Mohs10.utility.Log.info(Log.java:21)evel] 2023-09-15 00:57:09.229 [main] Log - This is After Suite Methodsg
[com.Mohs10.utility.Log.info(Log.java:21)evel] 2023-09-15 00:57:19.898 [main] Log - This is before test methodsg
[com.Mohs10.utility.Log.info(Log.java:21)evel] 2023-09-15 00:57:37.499 [main] Log - This is After Suite Methodsg
[com.Mohs10.utility.Log.info(Log.java:21)evel] 2023-09-15 01:05:27.039 [main] Log - This is before test methodsg
[com.Mohs10.utility.Log.info(Log.java:21)evel] 2023-09-15 01:05:54.096 [main] Log - This is After Suite Methodsg
[com.Mohs10.utility.Log.info(Log.java:21)evel] 2023-09-15 01:06:52.235 [main] Log - This is before test methodsg
[com.Mohs10.utility.Log.info(Log.java:21)evel] 2023-09-15 01:07:10.534 [main] Log - This is After Suite Methodsg
[com.Mohs10.utility.Log.info(Log.java:21)evel] 2023-09-15 01:07:56.993 [main] Log - This is before test methodsg
[com.Mohs10.utility.Log.info(Log.java:21)evel] 2023-09-15 01:08:14.517 [main] Log - This is After Suite Methodsg
[com.Mohs10.utility.Log.info(Log.java:21)evel] 2023-09-15 01:13:23.739 [main] Log - This is before test methodsg
[com.Mohs10.utility.Log.info(Log.java:21)evel] 2023-09-15 01:13:34.668 [main] Log - This is After Suite Methodsg
[com.Mohs10.utility.Log.info(Log.java:21)evel] 2023-09-15 01:14:08.859 [main] Log - This is before test methodsg
[com.Mohs10.utility.Log.info(Log.java:21)evel] 2023-09-15 01:14:37.989 [main] Log - This is After Suite Methodsg
[com.Mohs10.utility.Log.info(Log.java:21)evel] 2023-09-15 01:19:36.854 [main] Log - This is before test methodsg
[com.Mohs10.utility.Log.info(Log.java:21)evel] 2023-09-15 01:19:58.572 [main] Log - This is After Suite Methodsg
[com.Mohs10.utility.Log.info(Log.java:21)evel] 2023-09-15 01:50:36.998 [main] Log - This is before test methodsg
[com.Mohs10.utility.Log.info(Log.java:21)evel] 2023-09-15 01:50:47.654 [main] Log - This is After Suite Methodsg
[com.Mohs10.utility.Log.info(Log.java:21)evel] 2023-09-15 01:53:21.278 [main] Log - This is before test methodsg
[com.Mohs10.utility.Log.info(Log.java:21)evel] 2023-09-15 01:53:40.332 [main] Log - This is After Suite Methodsg
[com.Mohs10.utility.Log.info(Log.java:21)evel] 2023-09-15 01:54:55.210 [main] Log - This is before test methodsg
[com.Mohs10.utility.Log.info(Log.java:21)evel] 2023-09-15 01:56:54.796 [main] Log - This is before test methodsg
[com.Mohs10.utility.Log.info(Log.java:21)evel] 2023-09-15 02:00:04.383 [main] Log - This is before test methodsg
[com.Mohs10.utility.Log.info(Log.java:21)evel] 2023-09-15 02:00:23.795 [main] Log - This is After Suite Methodsg
[com.Mohs10.utility.Log.info(Log.java:21)evel] 2023-09-15 02:01:01.093 [main] Log - This is before test methodsg
[com.Mohs10.utility.Log.info(Log.java:21)evel] 2023-09-15 02:01:19.920 [main] Log - This is After Suite Methodsg
[com.Mohs10.utility.Log.info(Log.java:21)evel] 2023-09-15 02:05:18.253 [main] Log - This is before test methodsg
[com.Mohs10.utility.Log.info(Log.java:21)evel] 2023-09-15 02:05:31.042 [main] Log - This is After Suite Methodsg
[com.Mohs10.utility.Log.info(Log.java:21)evel] 2023-09-15 02:06:11.520 [main] Log - This is before test methodsg
[com.Mohs10.utility.Log.info(Log.java:21)evel] 2023-09-15 02:06:24.066 [main] Log - This is After Suite Methodsg
[com.Mohs10.utility.Log.info(Log.java:21)evel] 2023-09-15 12:18:34.048 [main] Log - This is before test methodsg
[com.Mohs10.utility.Log.info(Log.java:21)evel] 2023-09-15 12:18:56.519 [main] Log - This is After Suite Methodsg
[com.Mohs10.utility.Log.info(Log.java:21)evel] 2023-09-15 18:47:52.119 [main] Log - This is before test methodsg
[com.Mohs10.utility.Log.info(Log.java:21)evel] 2023-09-15 18:48:13.385 [main] Log - This is After Suite Methodsg
[com.Mohs10.utility.Log.info(Log.java:21)evel] 2023-09-15 18:55:07.088 [main] Log - This is before test methodsg
[com.Mohs10.utility.Log.info(Log.java:21)evel] 2023-09-15 18:55:28.713 [main] Log - This is After Suite Methodsg
[com.Mohs10.utility.Log.info(Log.java:21)evel] 2023-09-15 19:11:29.586 [main] Log - This is before test methodsg
[com.Mohs10.utility.Log.info(Log.java:21)evel] 2023-09-15 19:11:48.889 [main] Log - This is After Suite Methodsg
[com.Mohs10.utility.Log.info(Log.java:21)evel] 2023-09-15 19:12:19.659 [main] Log - This is before test methodsg
[com.Mohs10.utility.Log.info(Log.java:21)evel] 2023-09-15 19:12:38.803 [main] Log - This is After Suite Methodsg
[com.Mohs10.utility.Log.info(Log.java:21)evel] 2023-09-15 19:14:39.717 [main] Log - This is before test methodsg
[com.Mohs10.utility.Log.info(Log.java:21)evel] 2023-09-15 19:14:59.630 [main] Log - This is After Suite Methodsg
[com.Mohs10.utility.Log.info(Log.java:21)evel] 2023-09-15 19:21:47.533 [main] Log - This is before test methodsg
[com.Mohs10.utility.Log.info(Log.java:21)evel] 2023-09-15 19:22:02.742 [main] Log - This is After Suite Methodsg
[com.Mohs10.utility.Log.info(Log.java:21)evel] 2023-09-15 19:23:17.116 [main] Log - This is before test methodsg
[com.Mohs10.utility.Log.info(Log.java:21)evel] 2023-09-15 19:23:35.486 [main] Log - This is After Suite Methodsg
[com.Mohs10.utility.Log.info(Log.java:21)evel] 2023-09-15 19:25:33.563 [main] Log - This is before test methodsg
[com.Mohs10.utility.Log.info(Log.java:21)evel] 2023-09-15 19:25:48.177 [main] Log - This is After Suite Methodsg
[com.Mohs10.utility.Log.info(Log.java:21)evel] 2023-09-15 19:27:56.683 [main] Log - This is before test methodsg
[com.Mohs10.utility.Log.info(Log.java:21)evel] 2023-09-15 19:28:10.923 [main] Log - This is After Suite Methodsg
[com.Mohs10.utility.Log.info(Log.java:21)evel] 2023-09-15 19:31:17.857 [main] Log - This is before test methodsg
[com.Mohs10.utility.Log.info(Log.java:21)evel] 2023-09-15 19:31:45.124 [main] Log - This is After Suite Methodsg
[com.Mohs10.utility.Log.info(Log.java:21)evel] 2023-09-15 20:32:29.713 [main] Log - This is before test methodsg
[com.Mohs10.utility.Log.info(Log.java:21)evel] 2023-09-15 20:33:01.082 [main] Log - This is After Suite Methodsg
[com.Mohs10.utility.Log.info(Log.java:21)evel] 2023-10-04 09:08:48.774 [main] Log - This is before test methodsg
[com.Mohs10.utility.Log.info(Log.java:21)evel] 2023-10-04 09:09:27.870 [main] Log - This is After Suite Methodsg
[com.Mohs10.utility.Log.info(Log.java:21)evel] 2023-10-04 09:12:16.726 [main] Log - This is before test methodsg
[com.Mohs10.utility.Log.info(Log.java:21)evel] 2023-10-04 09:12:50.503 [main] Log - This is After Suite Methodsg
[com.Mohs10.utility.Log.info(Log.java:21)evel] 2023-10-04 09:20:03.254 [main] Log - This is before test methodsg
[com.Mohs10.utility.Log.info(Log.java:21)evel] 2023-10-04 09:20:29.003 [main] Log - This is After Suite Methodsg
[com.Mohs10.utility.Log.info(Log.java:21)evel] 2023-10-04 10:52:27.862 [main] Log - This is before test methodsg
[com.Mohs10.utility.Log.info(Log.java:21)evel] 2023-10-04 10:52:38.462 [main] Log - This is After Suite Methodsg
[com.Mohs10.utility.Log.info(Log.java:21)evel] 2023-10-04 13:14:29.492 [main] Log - This is before test methodsg
[com.Mohs10.utility.Log.info(Log.java:21)evel] 2023-10-04 13:14:43.494 [main] Log - This is After Suite Methodsg
[com.Mohs10.utility.Log.info(Log.java:21)evel] 2023-10-04 13:14:55.215 [main] Log - This is before test methodsg
[com.Mohs10.utility.Log.info(Log.java:21)evel] 2023-10-04 13:15:04.743 [main] Log - This is After Suite Methodsg
[com.Mohs10.utility.Log.info(Log.java:21)evel] 2023-10-04 13:15:29.439 [main] Log - This is before test methodsg
[com.Mohs10.utility.Log.info(Log.java:21)evel] 2023-10-04 13:15:39.461 [main] Log - This is After Suite Methodsg
[com.Mohs10.utility.Log.info(Log.java:21)evel] 2023-10-04 13:16:34.274 [main] Log - This is before test methodsg
[com.Mohs10.utility.Log.info(Log.java:21)evel] 2023-10-04 13:16:41.705 [main] Log - This is After Suite Methodsg
[com.Mohs10.utility.Log.info(Log.java:21)evel] 2023-10-04 13:16:56.189 [main] Log - This is before test methodsg
[com.Mohs10.utility.Log.info(Log.java:21)evel] 2023-10-04 13:16:57.480 [main] Log - This is After Suite Methodsg
[com.Mohs10.utility.Log.info(Log.java:21)evel] 2023-10-04 13:17:35.076 [main] Log - This is before test methodsg
[com.Mohs10.utility.Log.info(Log.java:21)evel] 2023-10-04 13:17:42.963 [main] Log - This is After Suite Methodsg
[com.Mohs10.utility.Log.info(Log.java:21)evel] 2023-10-04 13:19:26.128 [main] Log - This is before test methodsg
[com.Mohs10.utility.Log.info(Log.java:21)evel] 2023-10-04 13:19:34.798 [main] Log - This is After Suite Methodsg
[com.Mohs10.utility.Log.info(Log.java:21)evel] 2023-10-04 14:06:36.252 [main] Log - This is before test methodsg
[com.Mohs10.utility.Log.info(Log.java:21)evel] 2023-10-04 14:06:43.791 [main] Log - This is After Suite Methodsg
[com.Mohs10.utility.Log.info(Log.java:21)evel] 2023-10-04 14:07:22.669 [main] Log - This is before test methodsg
[com.Mohs10.utility.Log.info(Log.java:21)evel] 2023-10-04 14:07:28.570 [main] Log - This is After Suite Methodsg
[com.Mohs10.utility.Log.info(Log.java:21)evel] 2023-10-04 15:21:37.088 [main] Log - This is before test methodsg
[com.Mohs10.utility.Log.info(Log.java:21)evel] 2023-10-04 15:21:44.809 [main] Log - This is After Suite Methodsg
[com.Mohs10.utility.Log.info(Log.java:21)evel] 2023-10-04 15:21:53.672 [main] Log - This is before test methodsg
[com.Mohs10.utility.Log.info(Log.java:21)evel] 2023-10-04 15:21:58.574 [main] Log - This is After Suite Methodsg
[com.Mohs10.utility.Log.info(Log.java:21)evel] 2023-10-04 15:25:53.232 [main] Log - This is before test methodsg
[com.Mohs10.utility.Log.info(Log.java:21)evel] 2023-10-04 15:25:59.577 [main] Log - This is After Suite Methodsg
[com.Mohs10.utility.Log.info(Log.java:21)evel] 2023-10-04 15:27:37.332 [main] Log - This is before test methodsg
[com.Mohs10.utility.Log.info(Log.java:21)evel] 2023-10-04 15:27:42.442 [main] Log - This is After Suite Methodsg
[com.Mohs10.utility.Log.info(Log.java:21)evel] 2023-10-04 15:29:47.282 [main] Log - This is before test methodsg
[com.Mohs10.utility.Log.info(Log.java:21)evel] 2023-10-04 15:30:22.451 [main] Log - This is After Suite Methodsg
[com.Mohs10.utility.Log.info(Log.java:21)evel] 2023-10-04 15:33:08.831 [main] Log - This is before test methodsg
[com.Mohs10.utility.Log.info(Log.java:21)evel] 2023-10-04 15:33:13.880 [main] Log - This is After Suite Methodsg
[com.Mohs10.utility.Log.info(Log.java:21)evel] 2023-10-04 15:35:20.957 [main] Log - This is before test methodsg
[com.Mohs10.utility.Log.info(Log.java:21)evel] 2023-10-04 15:35:26.569 [main] Log - This is After Suite Methodsg
[com.Mohs10.utility.Log.info(Log.java:21)evel] 2023-10-04 16:57:04.096 [main] Log - This is before test methodsg
[com.Mohs10.utility.Log.info(Log.java:21)evel] 2023-10-04 16:57:16.691 [main] Log - This is After Suite Methodsg
[com.Mohs10.utility.Log.info(Log.java:21)evel] 2023-10-04 17:19:20.690 [main] Log - This is before test methodsg
[com.Mohs10.utility.Log.info(Log.java:21)evel] 2023-10-04 17:19:31.027 [main] Log - This is After Suite Methodsg
[com.Mohs10.utility.Log.info(Log.java:21)evel] 2023-10-04 17:27:20.122 [main] Log - This is before test methodsg
[com.Mohs10.utility.Log.info(Log.java:21)evel] 2023-10-04 17:27:29.171 [main] Log - This is After Suite Methodsg
[com.Mohs10.utility.Log.info(Log.java:21)evel] 2023-10-04 17:29:14.695 [main] Log - This is before test methodsg
[com.Mohs10.utility.Log.info(Log.java:21)evel] 2023-10-04 17:29:28.573 [main] Log - This is After Suite Methodsg
[com.Mohs10.utility.Log.info(Log.java:21)evel] 2023-10-04 17:31:46.470 [main] Log - This is before test methodsg
[com.Mohs10.utility.Log.info(Log.java:21)evel] 2023-10-04 17:32:01.681 [main] Log - This is After Suite Methodsg
[com.Mohs10.utility.Log.info(Log.java:21)evel] 2023-10-04 17:33:56.178 [main] Log - This is before test methodsg
[com.Mohs10.utility.Log.info(Log.java:21)evel] 2023-10-04 17:34:10.977 [main] Log - This is After Suite Methodsg
[com.Mohs10.utility.Log.info(Log.java:21)evel] 2023-10-04 17:35:12.412 [main] Log - This is before test methodsg
[com.Mohs10.utility.Log.info(Log.java:21)evel] 2023-10-04 17:35:25.759 [main] Log - This is After Suite Methodsg
[com.Mohs10.utility.Log.info(Log.java:21)evel] 2023-10-04 17:38:32.767 [main] Log - This is before test methodsg
[com.Mohs10.utility.Log.info(Log.java:21)evel] 2023-10-04 17:38:42.821 [main] Log - This is After Suite Methodsg
[com.Mohs10.utility.Log.info(Log.java:21)evel] 2023-10-04 17:39:03.622 [main] Log - This is before test methodsg
[com.Mohs10.utility.Log.info(Log.java:21)evel] 2023-10-04 17:39:13.078 [main] Log - This is After Suite Methodsg
[com.Mohs10.utility.Log.info(Log.java:21)evel] 2023-10-04 17:42:55.783 [main] Log - This is before test methodsg
[com.Mohs10.utility.Log.info(Log.java:21)evel] 2023-10-04 17:43:05.748 [main] Log - This is After Suite Methodsg
[com.Mohs10.utility.Log.info(Log.java:21)evel] 2023-10-04 17:44:43.435 [main] Log - This is before test methodsg
[com.Mohs10.utility.Log.info(Log.java:21)evel] 2023-10-04 17:44:52.879 [main] Log - This is After Suite Methodsg
[com.Mohs10.utility.Log.info(Log.java:21)evel] 2023-10-04 17:45:18.696 [main] Log - This is before test methodsg
[com.Mohs10.utility.Log.info(Log.java:21)evel] 2023-10-04 17:45:27.904 [main] Log - This is After Suite Methodsg
[com.Mohs10.utility.Log.info(Log.java:21)evel] 2023-10-04 17:45:45.581 [main] Log - This is before test methodsg
[com.Mohs10.utility.Log.info(Log.java:21)evel] 2023-10-04 17:45:54.697 [main] Log - This is After Suite Methodsg
[com.Mohs10.utility.Log.info(Log.java:21)evel] 2023-10-04 17:51:01.336 [main] Log - This is before test methodsg
[com.Mohs10.utility.Log.info(Log.java:21)evel] 2023-10-04 17:51:02.527 [main] Log - This is After Suite Methodsg
[com.Mohs10.utility.Log.info(Log.java:21)evel] 2023-10-04 17:51:11.302 [main] Log - This is before test methodsg
[com.Mohs10.utility.Log.info(Log.java:21)evel] 2023-10-04 17:51:21.661 [main] Log - This is After Suite Methodsg
[com.Mohs10.utility.Log.info(Log.java:21)evel] 2023-10-04 18:04:01.924 [main] Log - This is before test methodsg
[com.Mohs10.utility.Log.info(Log.java:21)evel] 2023-10-04 18:04:16.353 [main] Log - This is After Suite Methodsg
[com.Mohs10.utility.Log.info(Log.java:21)evel] 2023-10-04 18:05:36.024 [main] Log - This is before test methodsg
[com.Mohs10.utility.Log.info(Log.java:21)evel] 2023-10-04 18:05:37.995 [main] Log - This is After Suite Methodsg
[com.Mohs10.utility.Log.info(Log.java:21)evel] 2023-10-04 18:05:45.427 [main] Log - This is before test methodsg
[com.Mohs10.utility.Log.info(Log.java:21)evel] 2023-10-04 18:05:58.044 [main] Log - This is After Suite Methodsg
[com.Mohs10.utility.Log.info(Log.java:21)evel] 2023-10-04 18:06:52.476 [main] Log - This is before test methodsg
[com.Mohs10.utility.Log.info(Log.java:21)evel] 2023-10-04 18:07:04.713 [main] Log - This is After Suite Methodsg
[com.Mohs10.utility.Log.info(Log.java:21)evel] 2023-10-04 18:51:13.565 [main] Log - This is before test methodsg
[com.Mohs10.utility.Log.info(Log.java:21)evel] 2023-10-04 18:51:25.366 [main] Log - This is After Suite Methodsg
[com.Mohs10.utility.Log.info(Log.java:21)evel] 2023-10-04 18:54:07.065 [main] Log - This is before test methodsg
[com.Mohs10.utility.Log.info(Log.java:21)evel] 2023-10-04 18:54:20.358 [main] Log - This is After Suite Methodsg
[com.Mohs10.utility.Log.info(Log.java:21)evel] 2023-10-04 18:55:56.472 [main] Log - This is before test methodsg
[com.Mohs10.utility.Log.info(Log.java:21)evel] 2023-10-04 18:56:14.251 [main] Log - This is After Suite Methodsg
[com.Mohs10.utility.Log.info(Log.java:21)evel] 2023-10-04 19:02:15.671 [main] Log - This is before test methodsg
[com.Mohs10.utility.Log.info(Log.java:21)evel] 2023-10-04 19:02:29.585 [main] Log - This is After Suite Methodsg
[com.Mohs10.utility.Log.info(Log.java:21)evel] 2023-10-04 19:08:41.865 [main] Log - This is before test methodsg
[com.Mohs10.utility.Log.info(Log.java:21)evel] 2023-10-04 19:08:59.946 [main] Log - This is After Suite Methodsg
[com.Mohs10.utility.Log.info(Log.java:21)evel] 2023-10-04 19:10:04.470 [main] Log - This is before test methodsg
[com.Mohs10.utility.Log.info(Log.java:21)evel] 2023-10-04 19:10:16.284 [main] Log - This is After Suite Methodsg
[com.Mohs10.utility.Log.info(Log.java:21)evel] 2023-10-04 19:10:34.058 [main] Log - This is before test methodsg
[com.Mohs10.utility.Log.info(Log.java:21)evel] 2023-10-04 19:10:45.854 [main] Log - This is After Suite Methodsg
[com.Mohs10.utility.Log.info(Log.java:21)evel] 2023-10-04 19:11:38.288 [main] Log - This is before test methodsg
[com.Mohs10.utility.Log.info(Log.java:21)evel] 2023-10-04 19:11:50.803 [main] Log - This is After Suite Methodsg
[com.Mohs10.utility.Log.info(Log.java:21)evel] 2023-10-04 22:11:40.776 [main] Log - This is before test methodsg
[com.Mohs10.utility.Log.info(Log.java:21)evel] 2023-10-04 22:11:52.617 [main] Log - This is After Suite Methodsg
[com.Mohs10.utility.Log.info(Log.java:21)evel] 2023-10-05 00:55:14.893 [main] Log - This is before test methodsg
[com.Mohs10.utility.Log.info(Log.java:21)evel] 2023-10-05 00:55:33.936 [main] Log - This is After Suite Methodsg
[com.Mohs10.utility.Log.info(Log.java:21)evel] 2023-10-05 00:55:56.462 [main] Log - This is before test methodsg
[com.Mohs10.utility.Log.info(Log.java:21)evel] 2023-10-05 00:56:13.914 [main] Log - This is After Suite Methodsg
[com.Mohs10.utility.Log.info(Log.java:21)evel] 2023-10-05 00:58:06.747 [main] Log - This is before test methodsg
[com.Mohs10.utility.Log.info(Log.java:21)evel] 2023-10-05 00:58:17.816 [main] Log - This is After Suite Methodsg
[com.Mohs10.utility.Log.info(Log.java:21)evel] 2023-10-05 01:02:07.262 [main] Log - This is before test methodsg
[com.Mohs10.utility.Log.info(Log.java:21)evel] 2023-10-05 01:02:25.377 [main] Log - This is After Suite Methodsg
[com.Mohs10.utility.Log.info(Log.java:21)evel] 2023-10-05 01:04:54.142 [main] Log - This is before test methodsg
[com.Mohs10.utility.Log.info(Log.java:21)evel] 2023-10-05 01:05:11.771 [main] Log - This is After Suite Methodsg
[com.Mohs10.utility.Log.info(Log.java:21)evel] 2023-10-05 01:06:14.682 [main] Log - This is before test methodsg
[com.Mohs10.utility.Log.info(Log.java:21)evel] 2023-10-05 01:12:22.852 [main] Log - This is before test methodsg
[com.Mohs10.utility.Log.info(Log.java:21)evel] 2023-10-05 01:12:40.154 [main] Log - This is After Suite Methodsg
[com.Mohs10.utility.Log.info(Log.java:21)evel] 2023-10-05 01:15:33.742 [main] Log - This is before test methodsg
[com.Mohs10.utility.Log.info(Log.java:21)evel] 2023-10-05 01:15:39.821 [main] Log - This is After Suite Methodsg
[com.Mohs10.utility.Log.info(Log.java:21)evel] 2023-10-05 01:15:53.389 [main] Log - This is before test methodsg
[com.Mohs10.utility.Log.info(Log.java:21)evel] 2023-10-05 01:15:58.475 [main] Log - This is After Suite Methodsg
[com.Mohs10.utility.Log.info(Log.java:21)evel] 2023-10-05 01:17:18.548 [main] Log - This is before test methodsg
[com.Mohs10.utility.Log.info(Log.java:21)evel] 2023-10-05 01:17:24.542 [main] Log - This is After Suite Methodsg
[com.Mohs10.utility.Log.info(Log.java:21)evel] 2023-10-05 01:19:23.685 [main] Log - This is before test methodsg
[com.Mohs10.utility.Log.info(Log.java:21)evel] 2023-10-05 01:19:29.265 [main] Log - This is After Suite Methodsg
[com.Mohs10.utility.Log.info(Log.java:21)evel] 2023-10-05 01:26:00.286 [main] Log - This is before test methodsg
[com.Mohs10.utility.Log.info(Log.java:21)evel] 2023-10-05 01:26:05.889 [main] Log - This is After Suite Methodsg
[com.Mohs10.utility.Log.info(Log.java:21)evel] 2023-10-05 01:45:51.007 [main] Log - This is before test methodsg
[com.Mohs10.utility.Log.info(Log.java:21)evel] 2023-10-05 01:45:56.449 [main] Log - This is After Suite Methodsg
[com.Mohs10.utility.Log.info(Log.java:21)evel] 2023-10-05 01:46:30.666 [main] Log - This is before test methodsg
[com.Mohs10.utility.Log.info(Log.java:21)evel] 2023-10-05 01:46:31.808 [main] Log - This is After Suite Methodsg
[com.Mohs10.utility.Log.info(Log.java:21)evel] 2023-10-05 01:48:43.341 [main] Log - This is before test methodsg
[com.Mohs10.utility.Log.info(Log.java:21)evel] 2023-10-05 01:48:44.358 [main] Log - This is After Suite Methodsg
[com.Mohs10.utility.Log.info(Log.java:21)evel] 2023-10-05 01:49:14.353 [main] Log - This is before test methodsg
[com.Mohs10.utility.Log.info(Log.java:21)evel] 2023-10-05 01:49:22.185 [main] Log - This is After Suite Methodsg
[com.Mohs10.utility.Log.info(Log.java:21)evel] 2023-10-05 01:49:58.517 [main] Log - This is before test methodsg
[com.Mohs10.utility.Log.info(Log.java:21)evel] 2023-10-05 01:50:05.064 [main] Log - This is After Suite Methodsg
[com.Mohs10.utility.Log.info(Log.java:21)evel] 2023-10-05 01:51:59.410 [main] Log - This is before test methodsg
[com.Mohs10.utility.Log.info(Log.java:21)evel] 2023-10-05 01:52:06.647 [main] Log - This is After Suite Methodsg
[com.Mohs10.utility.Log.info(Log.java:21)evel] 2023-10-05 01:52:55.354 [main] Log - This is before test methodsg
[com.Mohs10.utility.Log.info(Log.java:21)evel] 2023-10-05 01:53:07.520 [main] Log - This is After Suite Methodsg
[com.Mohs10.utility.Log.info(Log.java:21)evel] 2023-10-05 01:56:03.378 [main] Log - This is before test methodsg
[com.Mohs10.utility.Log.info(Log.java:21)evel] 2023-10-05 01:56:22.087 [main] Log - This is After Suite Methodsg
[com.Mohs10.utility.Log.info(Log.java:21)evel] 2023-10-05 01:58:09.390 [main] Log - This is before test methodsg
[com.Mohs10.utility.Log.info(Log.java:21)evel] 2023-10-05 01:58:23.582 [main] Log - This is After Suite Methodsg
[com.Mohs10.utility.Log.info(Log.java:21)evel] 2023-10-05 02:00:48.459 [main] Log - This is before test methodsg
[com.Mohs10.utility.Log.info(Log.java:21)evel] 2023-10-05 02:01:01.575 [main] Log - This is After Suite Methodsg
[com.Mohs10.utility.Log.info(Log.java:21)evel] 2023-10-05 02:01:36.738 [main] Log - This is before test methodsg
[com.Mohs10.utility.Log.info(Log.java:21)evel] 2023-10-05 02:01:52.745 [main] Log - This is After Suite Methodsg
[com.Mohs10.utility.Log.info(Log.java:21)evel] 2023-10-05 02:02:41.906 [main] Log - This is before test methodsg
[com.Mohs10.utility.Log.info(Log.java:21)evel] 2023-10-05 02:03:09.222 [main] Log - This is before test methodsg
[com.Mohs10.utility.Log.info(Log.java:21)evel] 2023-10-05 02:03:23.473 [main] Log - This is After Suite Methodsg
[com.Mohs10.utility.Log.info(Log.java:21)evel] 2023-10-05 02:24:43.194 [main] Log - This is before test methodsg
[com.Mohs10.utility.Log.info(Log.java:21)evel] 2023-10-05 02:24:56.699 [main] Log - This is After Suite Methodsg
[com.Mohs10.utility.Log.info(Log.java:21)evel] 2023-10-05 02:35:26.646 [main] Log - This is before test methodsg
[com.Mohs10.utility.Log.info(Log.java:21)evel] 2023-10-05 02:35:36.701 [main] Log - This is After Suite Methodsg
[com.Mohs10.utility.Log.info(Log.java:21)evel] 2023-10-05 02:36:13.998 [main] Log - This is before test methodsg
[com.Mohs10.utility.Log.info(Log.java:21)evel] 2023-10-05 02:36:27.100 [main] Log - This is After Suite Methodsg
[com.Mohs10.utility.Log.info(Log.java:21)evel] 2023-10-05 02:39:32.754 [main] Log - This is before test methodsg
[com.Mohs10.utility.Log.info(Log.java:21)evel] 2023-10-05 02:39:42.504 [main] Log - This is After Suite Methodsg
[com.Mohs10.utility.Log.info(Log.java:21)evel] 2023-10-05 02:44:46.464 [main] Log - This is before test methodsg
[com.Mohs10.utility.Log.info(Log.java:21)evel] 2023-10-05 02:44:56.069 [main] Log - This is After Suite Methodsg
[com.Mohs10.utility.Log.info(Log.java:21)evel] 2023-10-05 02:51:57.745 [main] Log - This is before test methodsg
[com.Mohs10.utility.Log.info(Log.java:21)evel] 2023-10-05 02:52:08.479 [main] Log - This is After Suite Methodsg
[com.Mohs10.utility.Log.info(Log.java:21)evel] 2023-10-05 02:52:20.703 [main] Log - This is before test methodsg
[com.Mohs10.utility.Log.info(Log.java:21)evel] 2023-10-05 02:52:30.169 [main] Log - This is After Suite Methodsg
[com.Mohs10.utility.Log.info(Log.java:21)evel] 2023-10-05 02:53:22.279 [main] Log - This is before test methodsg
[com.Mohs10.utility.Log.info(Log.java:21)evel] 2023-10-05 02:53:31.914 [main] Log - This is After Suite Methodsg
[com.Mohs10.utility.Log.info(Log.java:21)evel] 2023-10-05 03:39:23.086 [main] Log - This is before test methodsg
[com.Mohs10.utility.Log.info(Log.java:21)evel] 2023-10-05 03:39:35.395 [main] Log - This is After Suite Methodsg
[com.Mohs10.utility.Log.info(Log.java:21)evel] 2023-10-05 03:40:42.475 [main] Log - This is before test methodsg
[com.Mohs10.utility.Log.info(Log.java:21)evel] 2023-10-05 03:40:52.308 [main] Log - This is After Suite Methodsg
[com.Mohs10.utility.Log.info(Log.java:21)evel] 2023-10-05 03:54:59.350 [main] Log - This is before test methodsg
[com.Mohs10.utility.Log.info(Log.java:21)evel] 2023-10-05 03:55:17.128 [main] Log - This is After Suite Methodsg
[com.Mohs10.utility.Log.info(Log.java:21)evel] 2023-10-05 03:55:57.605 [main] Log - This is before test methodsg
[com.Mohs10.utility.Log.info(Log.java:21)evel] 2023-10-05 03:56:05.454 [main] Log - This is After Suite Methodsg
[com.Mohs10.utility.Log.info(Log.java:21)evel] 2023-10-05 03:56:36.979 [main] Log - This is before test methodsg
[com.Mohs10.utility.Log.info(Log.java:21)evel] 2023-10-05 03:56:45.290 [main] Log - This is After Suite Methodsg
[com.Mohs10.utility.Log.info(Log.java:21)evel] 2023-10-05 03:57:59.084 [main] Log - This is before test methodsg
[com.Mohs10.utility.Log.info(Log.java:21)evel] 2023-10-05 03:58:10.094 [main] Log - This is After Suite Methodsg
[com.Mohs10.utility.Log.info(Log.java:21)evel] 2023-10-05 03:59:30.235 [main] Log - This is before test methodsg
[com.Mohs10.utility.Log.info(Log.java:21)evel] 2023-10-05 03:59:41.370 [main] Log - This is After Suite Methodsg
[com.Mohs10.utility.Log.info(Log.java:21)evel] 2023-10-05 04:01:53.415 [main] Log - This is before test methodsg
[com.Mohs10.utility.Log.info(Log.java:21)evel] 2023-10-05 04:02:11.206 [main] Log - This is After Suite Methodsg
[com.Mohs10.utility.Log.info(Log.java:21)evel] 2023-10-05 04:02:57.806 [main] Log - This is before test methodsg
[com.Mohs10.utility.Log.info(Log.java:21)evel] 2023-10-05 04:03:07.349 [main] Log - This is After Suite Methodsg
[com.Mohs10.utility.Log.info(Log.java:21)evel] 2023-10-05 04:03:37.537 [main] Log - This is before test methodsg
[com.Mohs10.utility.Log.info(Log.java:21)evel] 2023-10-05 04:03:47.272 [main] Log - This is After Suite Methodsg
[com.Mohs10.utility.Log.info(Log.java:21)evel] 2023-10-05 04:06:54.289 [main] Log - This is before test methodsg
[com.Mohs10.utility.Log.info(Log.java:21)evel] 2023-10-05 04:07:12.331 [main] Log - This is After Suite Methodsg
[com.Mohs10.utility.Log.info(Log.java:21)evel] 2023-10-05 04:07:30.082 [main] Log - This is before test methodsg
[com.Mohs10.utility.Log.info(Log.java:21)evel] 2023-10-05 04:07:40.786 [main] Log - This is After Suite Methodsg
[com.Mohs10.utility.Log.info(Log.java:21)evel] 2023-10-05 04:09:42.103 [main] Log - This is before test methodsg
[com.Mohs10.utility.Log.info(Log.java:21)evel] 2023-10-05 04:09:53.817 [main] Log - This is After Suite Methodsg
[com.Mohs10.utility.Log.info(Log.java:21)evel] 2023-10-05 04:12:10.696 [main] Log - This is before test methodsg
[com.Mohs10.utility.Log.info(Log.java:21)evel] 2023-10-05 04:12:22.468 [main] Log - This is After Suite Methodsg
[com.Mohs10.utility.Log.info(Log.java:21)evel] 2023-10-05 04:13:04.658 [main] Log - This is before test methodsg
[com.Mohs10.utility.Log.info(Log.java:21)evel] 2023-10-05 04:13:15.595 [main] Log - This is After Suite Methodsg
[com.Mohs10.utility.Log.info(Log.java:21)evel] 2023-10-05 04:13:49.577 [main] Log - This is before test methodsg
[com.Mohs10.utility.Log.info(Log.java:21)evel] 2023-10-05 04:14:02.487 [main] Log - This is After Suite Methodsg
[com.Mohs10.utility.Log.info(Log.java:21)evel] 2023-10-05 04:14:11.498 [main] Log - This is before test methodsg
[com.Mohs10.utility.Log.info(Log.java:21)evel] 2023-10-05 04:14:22.406 [main] Log - This is After Suite Methodsg
[com.Mohs10.utility.Log.info(Log.java:21)evel] 2023-10-05 04:58:16.037 [main] Log - This is before test methodsg
[com.Mohs10.utility.Log.info(Log.java:21)evel] 2023-10-05 04:58:21.874 [main] Log - This is After Suite Methodsg
[com.Mohs10.utility.Log.info(Log.java:21)evel] 2023-10-05 04:58:35.942 [main] Log - This is before test methodsg
[com.Mohs10.utility.Log.info(Log.java:21)evel] 2023-10-05 04:58:41.873 [main] Log - This is After Suite Methodsg
[com.Mohs10.utility.Log.info(Log.java:21)evel] 2023-10-05 05:01:38.533 [main] Log - This is before test methodsg
[com.Mohs10.utility.Log.info(Log.java:21)evel] 2023-10-05 05:01:48.635 [main] Log - This is After Suite Methodsg
[com.Mohs10.utility.Log.info(Log.java:21)evel] 2023-10-05 10:46:11.358 [main] Log - This is before test methodsg
[com.Mohs10.utility.Log.info(Log.java:21)evel] 2023-10-05 10:46:15.187 [main] Log - This is After Suite Methodsg
[com.Mohs10.utility.Log.info(Log.java:21)evel] 2023-10-05 10:47:33.268 [main] Log - This is before test methodsg
[com.Mohs10.utility.Log.info(Log.java:21)evel] 2023-10-05 10:47:47.987 [main] Log - This is After Suite Methodsg
[com.Mohs10.utility.Log.info(Log.java:21)evel] 2023-10-05 10:48:26.857 [main] Log - This is before test methodsg
[com.Mohs10.utility.Log.info(Log.java:21)evel] 2023-10-05 10:48:39.002 [main] Log - This is After Suite Methodsg
[com.Mohs10.utility.Log.info(Log.java:21)evel] 2023-10-05 11:46:35.788 [main] Log - This is before test methodsg
[com.Mohs10.utility.Log.info(Log.java:21)evel] 2023-10-05 11:46:41.914 [main] Log - This is After Suite Methodsg
[com.Mohs10.utility.Log.info(Log.java:21)evel] 2023-10-05 11:57:28.898 [main] Log - This is before test methodsg
[com.Mohs10.utility.Log.info(Log.java:21)evel] 2023-10-05 11:57:37.560 [main] Log - This is After Suite Methodsg
[com.Mohs10.utility.Log.info(Log.java:21)evel] 2023-10-05 11:58:47.824 [main] Log - This is before test methodsg
[com.Mohs10.utility.Log.info(Log.java:21)evel] 2023-10-05 11:58:54.992 [main] Log - This is After Suite Methodsg
[com.Mohs10.utility.Log.info(Log.java:21)evel] 2023-10-05 11:59:40.649 [main] Log - This is before test methodsg
[com.Mohs10.utility.Log.info(Log.java:21)evel] 2023-10-05 12:00:21.324 [main] Log - This is After Suite Methodsg
[com.Mohs10.utility.Log.info(Log.java:21)evel] 2023-10-05 12:08:17.443 [main] Log - This is before test methodsg
[com.Mohs10.utility.Log.info(Log.java:21)evel] 2023-10-05 12:08:53.941 [main] Log - This is After Suite Methodsg
[com.Mohs10.utility.Log.info(Log.java:21)evel] 2023-10-05 12:20:11.681 [main] Log - This is before test methodsg
[com.Mohs10.utility.Log.info(Log.java:21)evel] 2023-10-05 12:20:18.295 [main] Log - This is After Suite Methodsg
[com.Mohs10.utility.Log.info(Log.java:21)evel] 2023-10-05 12:51:29.993 [main] Log - This is before test methodsg
[com.Mohs10.utility.Log.info(Log.java:21)evel] 2023-10-05 12:51:35.746 [main] Log - This is After Suite Methodsg
[com.Mohs10.utility.Log.info(Log.java:21)evel] 2023-10-05 12:58:09.720 [main] Log - This is before test methodsg
[com.Mohs10.utility.Log.info(Log.java:21)evel] 2023-10-05 12:58:15.534 [main] Log - This is After Suite Methodsg
[com.Mohs10.utility.Log.info(Log.java:21)evel] 2023-10-05 12:59:29.547 [main] Log - This is before test methodsg
[com.Mohs10.utility.Log.info(Log.java:21)evel] 2023-10-05 12:59:39.901 [main] Log - This is After Suite Methodsg
[com.Mohs10.utility.Log.info(Log.java:21)evel] 2023-10-05 13:00:23.669 [main] Log - This is before test methodsg
[com.Mohs10.utility.Log.info(Log.java:21)evel] 2023-10-05 13:00:37.629 [main] Log - This is After Suite Methodsg
[com.Mohs10.utility.Log.info(Log.java:21)evel] 2023-10-05 13:01:01.478 [main] Log - This is before test methodsg
[com.Mohs10.utility.Log.info(Log.java:21)evel] 2023-10-05 13:01:15.371 [main] Log - This is After Suite Methodsg
[com.Mohs10.utility.Log.info(Log.java:21)evel] 2023-10-05 13:01:27.852 [main] Log - This is before test methodsg
[com.Mohs10.utility.Log.info(Log.java:21)evel] 2023-10-05 13:01:42.250 [main] Log - This is After Suite Methodsg
[com.Mohs10.utility.Log.info(Log.java:21)evel] 2023-10-05 13:06:12.001 [main] Log - This is before test methodsg
[com.Mohs10.utility.Log.info(Log.java:21)evel] 2023-10-05 13:06:24.518 [main] Log - This is After Suite Methodsg
[com.Mohs10.utility.Log.info(Log.java:21)evel] 2023-10-05 13:08:24.905 [main] Log - This is before test methodsg
[com.Mohs10.utility.Log.info(Log.java:21)evel] 2023-10-05 13:08:37.648 [main] Log - This is After Suite Methodsg
[com.Mohs10.utility.Log.info(Log.java:21)evel] 2023-10-05 13:15:58.698 [main] Log - This is before test methodsg
[com.Mohs10.utility.Log.info(Log.java:21)evel] 2023-10-05 13:16:20.536 [main] Log - This is After Suite Methodsg
[com.Mohs10.utility.Log.info(Log.java:21)evel] 2023-10-05 13:32:01.869 [main] Log - This is before test methodsg
[com.Mohs10.utility.Log.info(Log.java:21)evel] 2023-10-05 13:32:06.637 [main] Log - This is After Suite Methodsg
[com.Mohs10.utility.Log.info(Log.java:21)evel] 2023-10-05 13:33:06.415 [main] Log - This is before test methodsg
[com.Mohs10.utility.Log.info(Log.java:21)evel] 2023-10-05 13:33:18.119 [main] Log - This is After Suite Methodsg
[com.Mohs10.utility.Log.info(Log.java:21)evel] 2023-10-05 16:33:08.490 [main] Log - This is before test methodsg
[com.Mohs10.utility.Log.info(Log.java:21)evel] 2023-10-05 16:33:26.799 [main] Log - This is After Suite Methodsg
[com.Mohs10.utility.Log.info(Log.java:21)evel] 2023-10-05 18:35:16.410 [main] Log - This is before test methodsg
[com.Mohs10.utility.Log.info(Log.java:21)evel] 2023-10-05 18:35:44.560 [main] Log - This is After Suite Methodsg
[com.Mohs10.utility.Log.info(Log.java:21)evel] 2023-10-05 18:36:00.265 [main] Log - This is before test methodsg
[com.Mohs10.utility.Log.info(Log.java:21)evel] 2023-10-05 18:36:14.646 [main] Log - This is After Suite Methodsg
[com.Mohs10.utility.Log.info(Log.java:21)evel] 2023-10-05 18:37:10.374 [main] Log - This is before test methodsg
[com.Mohs10.utility.Log.info(Log.java:21)evel] 2023-10-05 18:37:25.509 [main] Log - This is After Suite Methodsg
[com.Mohs10.utility.Log.info(Log.java:21)evel] 2023-10-05 18:38:07.920 [main] Log - This is before test methodsg
[com.Mohs10.utility.Log.info(Log.java:21)evel] 2023-10-05 18:38:37.624 [main] Log - This is After Suite Methodsg
[com.Mohs10.utility.Log.info(Log.java:21)evel] 2023-10-05 18:39:05.583 [main] Log - This is before test methodsg
[com.Mohs10.utility.Log.info(Log.java:21)evel] 2023-10-05 18:39:36.910 [main] Log - This is After Suite Methodsg
[com.Mohs10.utility.Log.info(Log.java:21)evel] 2023-10-05 18:42:05.428 [main] Log - This is before test methodsg
[com.Mohs10.utility.Log.info(Log.java:21)evel] 2023-10-05 18:42:26.939 [main] Log - This is After Suite Methodsg
[com.Mohs10.utility.Log.info(Log.java:21)evel] 2023-10-05 18:45:05.985 [main] Log - This is before test methodsg
[com.Mohs10.utility.Log.info(Log.java:21)evel] 2023-10-05 18:45:31.984 [main] Log - This is After Suite Methodsg
[com.Mohs10.utility.Log.info(Log.java:21)evel] 2023-10-05 18:46:09.304 [main] Log - This is before test methodsg
[com.Mohs10.utility.Log.info(Log.java:21)evel] 2023-10-05 18:47:51.940 [main] Log - This is before test methodsg
[com.Mohs10.utility.Log.info(Log.java:21)evel] 2023-10-05 18:48:03.740 [main] Log - This is After Suite Methodsg
[com.Mohs10.utility.Log.info(Log.java:21)evel] 2023-10-06 00:47:50.444 [main] Log - This is before test methodsg
[com.Mohs10.utility.Log.info(Log.java:21)evel] 2023-10-06 00:48:03.308 [main] Log - This is After Suite Methodsg
[com.Mohs10.utility.Log.info(Log.java:21)evel] 2023-10-06 00:51:33.599 [main] Log - This is before test methodsg
[com.Mohs10.utility.Log.info(Log.java:21)evel] 2023-10-06 00:51:44.224 [main] Log - This is After Suite Methodsg
[com.Mohs10.utility.Log.info(Log.java:21)evel] 2023-10-06 00:51:56.859 [main] Log - This is before test methodsg
[com.Mohs10.utility.Log.info(Log.java:21)evel] 2023-10-06 00:52:06.100 [main] Log - This is After Suite Methodsg
[com.Mohs10.utility.Log.info(Log.java:21)evel] 2023-10-06 00:52:13.737 [main] Log - This is before test methodsg
[com.Mohs10.utility.Log.info(Log.java:21)evel] 2023-10-06 00:52:23.135 [main] Log - This is After Suite Methodsg
[com.Mohs10.utility.Log.info(Log.java:21)evel] 2023-10-06 00:52:46.180 [main] Log - This is before test methodsg
[com.Mohs10.utility.Log.info(Log.java:21)evel] 2023-10-06 00:52:56.178 [main] Log - This is After Suite Methodsg
[com.Mohs10.utility.Log.info(Log.java:21)evel] 2023-10-06 00:58:10.509 [main] Log - This is before test methodsg
[com.Mohs10.utility.Log.info(Log.java:21)evel] 2023-10-06 00:58:26.290 [main] Log - This is After Suite Methodsg
[com.Mohs10.utility.Log.info(Log.java:21)evel] 2023-10-06 01:01:56.591 [main] Log - This is before test methodsg
[com.Mohs10.utility.Log.info(Log.java:21)evel] 2023-10-06 01:02:06.254 [main] Log - This is After Suite Methodsg
[com.Mohs10.utility.Log.info(Log.java:21)evel] 2023-10-06 01:03:23.622 [main] Log - This is before test methodsg
[com.Mohs10.utility.Log.info(Log.java:21)evel] 2023-10-06 01:03:37.924 [main] Log - This is After Suite Methodsg
[com.Mohs10.utility.Log.info(Log.java:21)evel] 2023-10-06 01:41:37.818 [main] Log - This is before test methodsg
[com.Mohs10.utility.Log.info(Log.java:21)evel] 2023-10-06 01:41:48.963 [main] Log - This is After Suite Methodsg
[com.Mohs10.utility.Log.info(Log.java:21)evel] 2023-10-06 02:51:11.354 [main] Log - This is before test methodsg
[com.Mohs10.utility.Log.info(Log.java:21)evel] 2023-10-06 02:51:22.224 [main] Log - This is After Suite Methodsg
[com.Mohs10.utility.Log.info(Log.java:21)evel] 2023-10-06 03:13:21.563 [main] Log - This is before test methodsg
[com.Mohs10.utility.Log.info(Log.java:21)evel] 2023-10-06 03:13:41.745 [main] Log - This is After Suite Methodsg
[com.Mohs10.utility.Log.info(Log.java:21)evel] 2023-10-06 03:16:46.305 [main] Log - This is before test methodsg
[com.Mohs10.utility.Log.info(Log.java:21)evel] 2023-10-06 03:16:56.794 [main] Log - This is After Suite Methodsg
[com.Mohs10.utility.Log.info(Log.java:21)evel] 2023-10-06 03:22:02.202 [main] Log - This is before test methodsg
[com.Mohs10.utility.Log.info(Log.java:21)evel] 2023-10-06 03:22:14.290 [main] Log - This is After Suite Methodsg
[com.Mohs10.utility.Log.info(Log.java:21)evel] 2023-10-06 03:22:32.806 [main] Log - This is before test methodsg
[com.Mohs10.utility.Log.info(Log.java:21)evel] 2023-10-06 03:22:43.702 [main] Log - This is After Suite Methodsg
[com.Mohs10.utility.Log.info(Log.java:21)evel] 2023-10-06 03:22:56.777 [main] Log - This is before test methodsg
[com.Mohs10.utility.Log.info(Log.java:21)evel] 2023-10-06 03:23:07.829 [main] Log - This is After Suite Methodsg
[com.Mohs10.utility.Log.info(Log.java:21)evel] 2023-10-06 03:27:01.695 [main] Log - This is before test methodsg
[com.Mohs10.utility.Log.info(Log.java:21)evel] 2023-10-06 03:27:13.809 [main] Log - This is After Suite Methodsg
[com.Mohs10.utility.Log.info(Log.java:21)evel] 2023-10-06 03:27:24.655 [main] Log - This is before test methodsg
[com.Mohs10.utility.Log.info(Log.java:21)evel] 2023-10-06 03:27:35.622 [main] Log - This is After Suite Methodsg
[com.Mohs10.utility.Log.info(Log.java:21)evel] 2023-10-06 03:27:44.456 [main] Log - This is before test methodsg
[com.Mohs10.utility.Log.info(Log.java:21)evel] 2023-10-06 03:27:55.897 [main] Log - This is After Suite Methodsg
[com.Mohs10.utility.Log.info(Log.java:21)evel] 2023-10-06 03:28:42.359 [main] Log - This is before test methodsg
[com.Mohs10.utility.Log.info(Log.java:21)evel] 2023-10-06 03:28:54.525 [main] Log - This is After Suite Methodsg
[com.Mohs10.utility.Log.info(Log.java:21)evel] 2023-10-06 03:31:58.056 [main] Log - This is before test methodsg
[com.Mohs10.utility.Log.info(Log.java:21)evel] 2023-10-06 03:32:09.964 [main] Log - This is After Suite Methodsg
[com.Mohs10.utility.Log.info(Log.java:21)evel] 2023-10-06 03:37:42.091 [main] Log - This is before test methodsg
[com.Mohs10.utility.Log.info(Log.java:21)evel] 2023-10-06 03:37:54.959 [main] Log - This is After Suite Methodsg
[com.Mohs10.utility.Log.info(Log.java:21)evel] 2023-10-06 03:40:45.263 [main] Log - This is before test methodsg
[com.Mohs10.utility.Log.info(Log.java:21)evel] 2023-10-06 03:40:56.526 [main] Log - This is After Suite Methodsg
[com.Mohs10.utility.Log.info(Log.java:21)evel] 2023-10-06 03:47:52.036 [main] Log - This is before test methodsg
[com.Mohs10.utility.Log.info(Log.java:21)evel] 2023-10-06 03:48:03.991 [main] Log - This is After Suite Methodsg
[com.Mohs10.utility.Log.info(Log.java:21)evel] 2023-10-06 18:22:31.673 [main] Log - This is before test methodsg
[com.Mohs10.utility.Log.info(Log.java:21)evel] 2023-10-06 18:22:35.414 [main] Log - This is After Suite Methodsg
[com.Mohs10.utility.Log.info(Log.java:21)evel] 2023-10-06 18:23:35.687 [main] Log - This is before test methodsg
[com.Mohs10.utility.Log.info(Log.java:21)evel] 2023-10-06 18:23:50.843 [main] Log - This is After Suite Methodsg
[com.Mohs10.utility.Log.info(Log.java:21)evel] 2023-10-09 23:30:27.711 [main] Log - This is before test methodsg
[com.Mohs10.utility.Log.info(Log.java:21)evel] 2023-10-09 23:31:10.510 [main] Log - This is After Suite Methodsg
[com.Mohs10.utility.Log.info(Log.java:21)evel] 2023-10-09 23:32:18.686 [main] Log - This is before test methodsg
[com.Mohs10.utility.Log.info(Log.java:21)evel] 2023-10-09 23:33:17.173 [main] Log - This is After Suite Methodsg
[com.Mohs10.utility.Log.info(Log.java:21)evel] 2023-10-18 16:05:33.016 [main] Log - This is before test methodsg
[com.Mohs10.utility.Log.info(Log.java:21)evel] 2023-10-18 16:05:53.504 [main] Log - This is After Suite Methodsg
[com.Mohs10.utility.Log.info(Log.java:21)evel] 2023-10-18 16:18:52.941 [main] Log - This is before test methodsg
[com.Mohs10.utility.Log.info(Log.java:21)evel] 2023-10-18 16:19:06.616 [main] Log - This is After Suite Methodsg
[com.Mohs10.utility.Log.info(Log.java:21)evel] 2023-10-18 16:21:48.363 [main] Log - This is before test methodsg
[com.Mohs10.utility.Log.info(Log.java:21)evel] 2023-10-18 16:21:58.806 [main] Log - This is After Suite Methodsg
[com.Mohs10.utility.Log.info(Log.java:21)evel] 2023-10-18 16:23:05.607 [main] Log - This is before test methodsg
[com.Mohs10.utility.Log.info(Log.java:21)evel] 2023-10-18 16:23:15.971 [main] Log - This is After Suite Methodsg
[com.Mohs10.utility.Log.info(Log.java:21)evel] 2023-10-18 16:25:25.291 [main] Log - This is before test methodsg
[com.Mohs10.utility.Log.info(Log.java:21)evel] 2023-10-18 16:25:43.773 [main] Log - This is After Suite Methodsg
[com.Mohs10.utility.Log.info(Log.java:21)evel] 2023-10-18 16:26:15.451 [main] Log - This is before test methodsg
[com.Mohs10.utility.Log.info(Log.java:21)evel] 2023-10-18 16:26:25.934 [main] Log - This is After Suite Methodsg
[com.Mohs10.utility.Log.info(Log.java:21)evel] 2023-10-18 16:26:47.139 [main] Log - This is before test methodsg
[com.Mohs10.utility.Log.info(Log.java:21)evel] 2023-10-18 16:27:07.078 [main] Log - This is After Suite Methodsg
[com.Mohs10.utility.Log.info(Log.java:21)evel] 2023-10-19 12:24:08.895 [main] Log - This is before test methodsg
[com.Mohs10.utility.Log.info(Log.java:21)evel] 2023-10-19 12:24:22.439 [main] Log - This is After Suite Methodsg
[com.Mohs10.utility.Log.info(Log.java:21)evel] 2023-10-19 15:41:04.364 [main] Log - This is before test methodsg
[com.Mohs10.utility.Log.info(Log.java:21)evel] 2023-10-19 15:41:18.445 [main] Log - This is After Suite Methodsg
[com.Mohs10.utility.Log.info(Log.java:21)evel] 2023-10-19 15:53:33.943 [main] Log - This is before test methodsg
[com.Mohs10.utility.Log.info(Log.java:21)evel] 2023-10-19 15:53:44.866 [main] Log - This is After Suite Methodsg
[com.Mohs10.utility.Log.info(Log.java:21)evel] 2023-10-19 16:01:55.765 [main] Log - This is before test methodsg
[com.Mohs10.utility.Log.info(Log.java:21)evel] 2023-10-19 16:02:07.427 [main] Log - This is After Suite Methodsg
[com.Mohs10.utility.Log.info(Log.java:21)evel] 2023-10-19 16:07:37.147 [main] Log - This is before test methodsg
[com.Mohs10.utility.Log.info(Log.java:21)evel] 2023-10-19 16:07:47.830 [main] Log - This is After Suite Methodsg
[com.Mohs10.utility.Log.info(Log.java:21)evel] 2023-10-23 12:09:42.401 [main] Log - This is before test methodsg
[com.Mohs10.utility.Log.info(Log.java:21)evel] 2023-10-23 12:09:46.248 [main] Log - This is After Suite Methodsg
[com.Mohs10.utility.Log.info(Log.java:21)evel] 2023-10-23 12:10:27.627 [main] Log - This is before test methodsg
[com.Mohs10.utility.Log.info(Log.java:21)evel] 2023-10-23 12:11:23.981 [main] Log - This is before test methodsg
[com.Mohs10.utility.Log.info(Log.java:21)evel] 2023-10-23 12:14:26.744 [main] Log - This is After Suite Methodsg
[com.Mohs10.utility.Log.info(Log.java:21)evel] 2023-10-23 13:30:17.049 [main] Log - This is before test methodsg
[com.Mohs10.utility.Log.info(Log.java:21)evel] 2023-10-23 13:32:31.682 [main] Log - This is before test methodsg
[com.Mohs10.utility.Log.info(Log.java:21)evel] 2023-10-23 13:34:13.388 [main] Log - This is before test methodsg
[com.Mohs10.utility.Log.info(Log.java:21)evel] 2023-10-23 13:36:13.677 [main] Log - This is before test methodsg
[com.Mohs10.utility.Log.info(Log.java:21)evel] 2023-10-23 13:38:38.521 [main] Log - This is before test methodsg
[com.Mohs10.utility.Log.info(Log.java:21)evel] 2023-10-23 13:40:26.465 [main] Log - This is before test methodsg
[com.Mohs10.utility.Log.info(Log.java:21)evel] 2023-10-23 13:42:10.435 [main] Log - This is before test methodsg
[com.Mohs10.utility.Log.info(Log.java:21)evel] 2023-10-23 13:45:12.644 [main] Log - This is After Suite Methodsg
[com.Mohs10.utility.Log.info(Log.java:21)evel] 2023-10-23 14:16:58.589 [main] Log - This is before test methodsg
[com.Mohs10.utility.Log.info(Log.java:21)evel] 2023-10-23 14:20:00.669 [main] Log - This is After Suite Methodsg
[com.Mohs10.utility.Log.info(Log.java:21)evel] 2023-10-23 14:23:57.843 [main] Log - This is before test methodsg
[com.Mohs10.utility.Log.info(Log.java:21)evel] 2023-10-23 14:27:00.684 [main] Log - This is After Suite Methodsg
[com.Mohs10.utility.Log.info(Log.java:21)evel] 2023-10-23 14:52:25.394 [main] Log - This is before test methodsg
[com.Mohs10.utility.Log.info(Log.java:21)evel] 2023-10-23 15:17:16.426 [main] Log - This is before test methodsg
[com.Mohs10.utility.Log.info(Log.java:21)evel] 2023-10-23 15:20:18.720 [main] Log - This is After Suite Methodsg
[com.Mohs10.utility.Log.info(Log.java:21)evel] 2023-10-23 15:21:36.839 [main] Log - This is before test methodsg
[com.Mohs10.utility.Log.info(Log.java:21)evel] 2023-10-23 15:24:39.196 [main] Log - This is After Suite Methodsg
[com.Mohs10.utility.Log.info(Log.java:21)evel] 2023-10-31 13:11:32.885 [main] Log - This is before test methodsg
[com.Mohs10.utility.Log.info(Log.java:21)evel] 2023-10-31 13:11:34.289 [main] Log - This is After Suite Methodsg
[com.Mohs10.utility.Log.info(Log.java:21)evel] 2023-10-31 13:11:50.195 [main] Log - This is before test methodsg
[com.Mohs10.utility.Log.info(Log.java:21)evel] 2023-10-31 13:13:37.956 [main] Log - This is before test methodsg
[com.Mohs10.utility.Log.info(Log.java:21)evel] 2023-10-31 13:14:54.302 [main] Log - This is before test methodsg
[com.Mohs10.utility.Log.info(Log.java:21)evel] 2023-10-31 13:15:06.221 [main] Log - This is After Suite Methodsg
[com.Mohs10.utility.Log.info(Log.java:21)evel] 2023-10-31 13:17:10.644 [main] Log - This is before test methodsg
[com.Mohs10.utility.Log.info(Log.java:21)evel] 2023-10-31 13:19:05.040 [main] Log - This is before test methodsg
[com.Mohs10.utility.Log.info(Log.java:21)evel] 2023-10-31 13:24:09.838 [main] Log - This is before test methodsg
[com.Mohs10.utility.Log.info(Log.java:21)evel] 2023-10-31 14:24:46.830 [main] Log - This is before test methodsg
[com.Mohs10.utility.Log.info(Log.java:21)evel] 2023-10-31 14:25:05.489 [main] Log - This is After Suite Methodsg
[com.Mohs10.utility.Log.info(Log.java:21)evel] 2023-10-31 15:04:43.915 [main] Log - This is before test methodsg
[com.Mohs10.utility.Log.info(Log.java:21)evel] 2023-10-31 15:05:04.901 [main] Log - This is After Suite Methodsg
[com.Mohs10.utility.Log.info(Log.java:21)evel] 2023-10-31 15:21:13.804 [main] Log - This is before test methodsg
[com.Mohs10.utility.Log.info(Log.java:21)evel] 2023-10-31 15:21:36.926 [main] Log - This is After Suite Methodsg
[com.Mohs10.utility.Log.info(Log.java:21)evel] 2023-10-31 15:23:16.748 [main] Log - This is before test methodsg
[com.Mohs10.utility.Log.info(Log.java:21)evel] 2023-10-31 15:23:49.731 [main] Log - This is After Suite Methodsg
[com.Mohs10.utility.Log.info(Log.java:21)evel] 2023-10-31 15:24:50.188 [main] Log - This is before test methodsg
[com.Mohs10.utility.Log.info(Log.java:21)evel] 2023-10-31 15:25:14.746 [main] Log - This is After Suite Methodsg
[com.Mohs10.utility.Log.info(Log.java:21)evel] 2023-10-31 15:25:59.258 [main] Log - This is before test methodsg
[com.Mohs10.utility.Log.info(Log.java:21)evel] 2023-10-31 15:26:33.691 [main] Log - This is After Suite Methodsg
[com.Mohs10.utility.Log.info(Log.java:21)evel] 2023-10-31 15:34:58.411 [main] Log - This is before test methodsg
[com.Mohs10.utility.Log.info(Log.java:21)evel] 2023-10-31 15:35:19.950 [main] Log - This is After Suite Methodsg
[com.Mohs10.utility.Log.info(Log.java:21)evel] 2023-10-31 15:38:09.205 [main] Log - This is before test methodsg
[com.Mohs10.utility.Log.info(Log.java:21)evel] 2023-10-31 15:38:38.645 [main] Log - This is After Suite Methodsg
[com.Mohs10.utility.Log.info(Log.java:21)evel] 2023-10-31 15:39:56.214 [main] Log - This is before test methodsg
[com.Mohs10.utility.Log.info(Log.java:21)evel] 2023-10-31 15:40:25.861 [main] Log - This is After Suite Methodsg
[com.Mohs10.utility.Log.info(Log.java:21)evel] 2023-10-31 15:41:44.263 [main] Log - This is before test methodsg
[com.Mohs10.utility.Log.info(Log.java:21)evel] 2023-10-31 15:42:15.460 [main] Log - This is After Suite Methodsg
[com.Mohs10.utility.Log.info(Log.java:21)evel] 2023-10-31 15:43:05.835 [main] Log - This is before test methodsg
[com.Mohs10.utility.Log.info(Log.java:21)evel] 2023-10-31 15:43:27.195 [main] Log - This is After Suite Methodsg
[com.Mohs10.utility.Log.info(Log.java:21)evel] 2023-10-31 15:44:17.943 [main] Log - This is before test methodsg
[com.Mohs10.utility.Log.info(Log.java:21)evel] 2023-10-31 15:44:49.573 [main] Log - This is After Suite Methodsg
[com.Mohs10.utility.Log.info(Log.java:21)evel] 2023-10-31 15:54:56.001 [main] Log - This is before test methodsg
[com.Mohs10.utility.Log.info(Log.java:21)evel] 2023-10-31 15:55:34.515 [main] Log - This is After Suite Methodsg
[com.Mohs10.utility.Log.info(Log.java:21)evel] 2023-10-31 15:57:37.305 [main] Log - This is before test methodsg
[com.Mohs10.utility.Log.info(Log.java:21)evel] 2023-10-31 15:57:55.572 [main] Log - This is After Suite Methodsg
[com.Mohs10.utility.Log.info(Log.java:21)evel] 2023-10-31 15:58:12.276 [main] Log - This is before test methodsg
[com.Mohs10.utility.Log.info(Log.java:21)evel] 2023-10-31 15:58:31.713 [main] Log - This is After Suite Methodsg
[com.Mohs10.utility.Log.info(Log.java:21)evel] 2023-10-31 15:58:43.864 [main] Log - This is before test methodsg
[com.Mohs10.utility.Log.info(Log.java:21)evel] 2023-10-31 15:59:02.592 [main] Log - This is After Suite Methodsg
[com.Mohs10.utility.Log.info(Log.java:21)evel] 2023-10-31 15:59:15.531 [main] Log - This is before test methodsg
[com.Mohs10.utility.Log.info(Log.java:21)evel] 2023-10-31 15:59:40.998 [main] Log - This is After Suite Methodsg
[com.Mohs10.utility.Log.info(Log.java:21)evel] 2023-10-31 16:02:11.255 [main] Log - This is before test methodsg
[com.Mohs10.utility.Log.info(Log.java:21)evel] 2023-10-31 16:02:43.821 [main] Log - This is After Suite Methodsg
[com.Mohs10.utility.Log.info(Log.java:21)evel] 2023-10-31 16:03:24.206 [main] Log - This is before test methodsg
[com.Mohs10.utility.Log.info(Log.java:21)evel] 2023-10-31 16:03:45.302 [main] Log - This is After Suite Methodsg
[com.Mohs10.utility.Log.info(Log.java:21)evel] 2023-10-31 16:04:04.034 [main] Log - This is before test methodsg
[com.Mohs10.utility.Log.info(Log.java:21)evel] 2023-10-31 16:04:41.335 [main] Log - This is After Suite Methodsg
[com.Mohs10.utility.Log.info(Log.java:21)evel] 2023-10-31 17:27:02.765 [main] Log - This is before test methodsg
[com.Mohs10.utility.Log.info(Log.java:21)evel] 2023-10-31 17:27:30.157 [main] Log - This is After Suite Methodsg
[com.Mohs10.utility.Log.info(Log.java:21)evel] 2023-10-31 17:46:11.710 [main] Log - This is before test methodsg
[com.Mohs10.utility.Log.info(Log.java:21)evel] 2023-10-31 17:46:29.912 [main] Log - This is After Suite Methodsg
[com.Mohs10.utility.Log.info(Log.java:21)evel] 2023-10-31 17:46:42.693 [main] Log - This is before test methodsg
[com.Mohs10.utility.Log.info(Log.java:21)evel] 2023-10-31 17:46:59.534 [main] Log - This is After Suite Methodsg
[com.Mohs10.utility.Log.info(Log.java:21)evel] 2023-10-31 17:53:12.921 [main] Log - This is before test methodsg
[com.Mohs10.utility.Log.info(Log.java:21)evel] 2023-10-31 17:53:13.956 [main] Log - This is After Suite Methodsg
[com.Mohs10.utility.Log.info(Log.java:21)evel] 2023-10-31 17:53:20.757 [main] Log - This is before test methodsg
[com.Mohs10.utility.Log.info(Log.java:21)evel] 2023-10-31 17:53:48.122 [main] Log - This is After Suite Methodsg
[com.Mohs10.utility.Log.info(Log.java:21)evel] 2023-10-31 17:55:49.523 [main] Log - This is before test methodsg
[com.Mohs10.utility.Log.info(Log.java:21)evel] 2023-10-31 17:56:06.116 [main] Log - This is After Suite Methodsg
[com.Mohs10.utility.Log.info(Log.java:21)evel] 2023-10-31 17:58:23.221 [main] Log - This is before test methodsg
[com.Mohs10.utility.Log.info(Log.java:21)evel] 2023-10-31 17:58:39.916 [main] Log - This is After Suite Methodsg
[com.Mohs10.utility.Log.info(Log.java:21)evel] 2023-10-31 18:17:23.980 [main] Log - This is before test methodsg
[com.Mohs10.utility.Log.info(Log.java:21)evel] 2023-10-31 18:17:43.466 [main] Log - This is After Suite Methodsg
